<?xml version="1.0" encoding="UTF-8"?>
<robot generator="Robot 3.2.2 (Python 3.9.0 on win32)" generated="20201116 08:41:14.244" rpa="false">
<suite id="s1" name="Login Form" source="d:\qaninja\robot\web\tests\login_form.robot">
<test id="s1-t1" name="Login com sucesso">
<kw name="Nova Sessão" library="base" type="setup">
<kw name="Open Browser" library="SeleniumLibrary">
<doc>Opens a new browser instance to the optional ``url``.</doc>
<arguments>
<arg>${url}</arg>
<arg>chrome</arg>
</arguments>
<msg timestamp="20201116 08:41:14.417" level="INFO">Opening browser 'chrome' to base url 'https://training-wheels-protocol.herokuapp.com/'.</msg>
<status status="PASS" starttime="20201116 08:41:14.416" endtime="20201116 08:41:20.423"></status>
</kw>
<status status="PASS" starttime="20201116 08:41:14.416" endtime="20201116 08:41:20.424"></status>
</kw>
<kw name="Go To" library="SeleniumLibrary">
<doc>Navigates the current browser window to the provided ``url``.</doc>
<arguments>
<arg>${url}/login</arg>
</arguments>
<msg timestamp="20201116 08:41:20.424" level="INFO">Opening url 'https://training-wheels-protocol.herokuapp.com//login'</msg>
<status status="PASS" starttime="20201116 08:41:20.424" endtime="20201116 08:41:20.911"></status>
</kw>
<kw name="Login With">
<arguments>
<arg>stark</arg>
<arg>jarvis!</arg>
</arguments>
<kw name="Input Text" library="SeleniumLibrary">
<doc>Types the given ``text`` into the text field identified by ``locator``.</doc>
<arguments>
<arg>css:input[name=username]</arg>
<arg>${username}</arg>
</arguments>
<msg timestamp="20201116 08:41:20.912" level="INFO">Typing text 'stark' into text field 'css:input[name=username]'.</msg>
<status status="PASS" starttime="20201116 08:41:20.912" endtime="20201116 08:41:20.985"></status>
</kw>
<kw name="Input Text" library="SeleniumLibrary">
<doc>Types the given ``text`` into the text field identified by ``locator``.</doc>
<arguments>
<arg>css:input[name=password]</arg>
<arg>${pass}</arg>
</arguments>
<msg timestamp="20201116 08:41:20.986" level="INFO">Typing text 'jarvis!' into text field 'css:input[name=password]'.</msg>
<status status="PASS" starttime="20201116 08:41:20.985" endtime="20201116 08:41:21.057"></status>
</kw>
<kw name="Click Element" library="SeleniumLibrary">
<doc>Click the element identified by ``locator``.</doc>
<arguments>
<arg>class:btn-login</arg>
</arguments>
<msg timestamp="20201116 08:41:21.057" level="INFO">Clicking element 'class:btn-login'.</msg>
<status status="PASS" starttime="20201116 08:41:21.057" endtime="20201116 08:41:21.538"></status>
</kw>
<status status="PASS" starttime="20201116 08:41:20.911" endtime="20201116 08:41:21.538"></status>
</kw>
<kw name="Should See Loged User">
<arguments>
<arg>Tony Stark</arg>
</arguments>
<kw name="Page Should Contain" library="SeleniumLibrary">
<doc>Verifies that current page contains ``text``.</doc>
<arguments>
<arg>Olá, ${full_name}. Você acessou a área logada!</arg>
</arguments>
<msg timestamp="20201116 08:41:21.553" level="INFO">Current page contains text 'Olá, Tony Stark. Você acessou a área logada!'.</msg>
<status status="PASS" starttime="20201116 08:41:21.539" endtime="20201116 08:41:21.554"></status>
</kw>
<status status="PASS" starttime="20201116 08:41:21.539" endtime="20201116 08:41:21.554"></status>
</kw>
<kw name="Encerra Sessão" library="base" type="teardown">
<kw name="Capture Page Screenshot" library="SeleniumLibrary">
<doc>Takes a screenshot of the current page and embeds it into a log file.</doc>
<msg timestamp="20201116 08:41:21.893" level="INFO" html="yes">&lt;/td&gt;&lt;/tr&gt;&lt;tr&gt;&lt;td colspan="3"&gt;&lt;a href="selenium-screenshot-52.png"&gt;&lt;img src="selenium-screenshot-52.png" width="800px"&gt;&lt;/a&gt;</msg>
<status status="PASS" starttime="20201116 08:41:21.555" endtime="20201116 08:41:21.893"></status>
</kw>
<kw name="Close Browser" library="SeleniumLibrary">
<doc>Closes the current browser.</doc>
<status status="PASS" starttime="20201116 08:41:21.893" endtime="20201116 08:41:24.030"></status>
</kw>
<status status="PASS" starttime="20201116 08:41:21.554" endtime="20201116 08:41:24.031"></status>
</kw>
<status status="PASS" starttime="20201116 08:41:14.415" endtime="20201116 08:41:24.031" critical="yes"></status>
</test>
<test id="s1-t2" name="Senha invalida">
<kw name="Nova Sessão" library="base" type="setup">
<kw name="Open Browser" library="SeleniumLibrary">
<doc>Opens a new browser instance to the optional ``url``.</doc>
<arguments>
<arg>${url}</arg>
<arg>chrome</arg>
</arguments>
<msg timestamp="20201116 08:41:24.036" level="INFO">Opening browser 'chrome' to base url 'https://training-wheels-protocol.herokuapp.com/'.</msg>
<status status="PASS" starttime="20201116 08:41:24.035" endtime="20201116 08:41:30.123"></status>
</kw>
<status status="PASS" starttime="20201116 08:41:24.034" endtime="20201116 08:41:30.123"></status>
</kw>
<kw name="Go To" library="SeleniumLibrary">
<doc>Navigates the current browser window to the provided ``url``.</doc>
<arguments>
<arg>${url}/login</arg>
</arguments>
<msg timestamp="20201116 08:41:30.124" level="INFO">Opening url 'https://training-wheels-protocol.herokuapp.com//login'</msg>
<status status="PASS" starttime="20201116 08:41:30.124" endtime="20201116 08:41:30.577"></status>
</kw>
<kw name="Login With">
<arguments>
<arg>stark</arg>
<arg>ABC</arg>
</arguments>
<kw name="Input Text" library="SeleniumLibrary">
<doc>Types the given ``text`` into the text field identified by ``locator``.</doc>
<arguments>
<arg>css:input[name=username]</arg>
<arg>${username}</arg>
</arguments>
<msg timestamp="20201116 08:41:30.578" level="INFO">Typing text 'stark' into text field 'css:input[name=username]'.</msg>
<status status="PASS" starttime="20201116 08:41:30.578" endtime="20201116 08:41:30.656"></status>
</kw>
<kw name="Input Text" library="SeleniumLibrary">
<doc>Types the given ``text`` into the text field identified by ``locator``.</doc>
<arguments>
<arg>css:input[name=password]</arg>
<arg>${pass}</arg>
</arguments>
<msg timestamp="20201116 08:41:30.656" level="INFO">Typing text 'ABC' into text field 'css:input[name=password]'.</msg>
<status status="PASS" starttime="20201116 08:41:30.656" endtime="20201116 08:41:30.725"></status>
</kw>
<kw name="Click Element" library="SeleniumLibrary">
<doc>Click the element identified by ``locator``.</doc>
<arguments>
<arg>class:btn-login</arg>
</arguments>
<msg timestamp="20201116 08:41:30.726" level="INFO">Clicking element 'class:btn-login'.</msg>
<status status="PASS" starttime="20201116 08:41:30.725" endtime="20201116 08:41:31.177"></status>
</kw>
<status status="PASS" starttime="20201116 08:41:30.578" endtime="20201116 08:41:31.177"></status>
</kw>
<kw name="Should Contain Login Alert">
<arguments>
<arg>Senha é invalida!</arg>
</arguments>
<kw name="Get WebElement" library="SeleniumLibrary">
<doc>Returns the first WebElement matching the given ``locator``.</doc>
<arguments>
<arg>id:flash</arg>
</arguments>
<assign>
<var>${message}</var>
</assign>
<msg timestamp="20201116 08:41:31.193" level="INFO">${message} = &lt;selenium.webdriver.remote.webelement.WebElement (session="4724fdac3b20946a7e6e32680d5868ea", element="505fde11-e500-42c8-9c80-f7acf94514ad")&gt;</msg>
<status status="PASS" starttime="20201116 08:41:31.178" endtime="20201116 08:41:31.193"></status>
</kw>
<kw name="Should Contain" library="BuiltIn">
<doc>Fails if ``container`` does not contain ``item`` one or more times.</doc>
<arguments>
<arg>${message.text}</arg>
<arg>${expect_message}</arg>
</arguments>
<status status="PASS" starttime="20201116 08:41:31.193" endtime="20201116 08:41:31.207"></status>
</kw>
<status status="PASS" starttime="20201116 08:41:31.177" endtime="20201116 08:41:31.208"></status>
</kw>
<kw name="Encerra Sessão" library="base" type="teardown">
<kw name="Capture Page Screenshot" library="SeleniumLibrary">
<doc>Takes a screenshot of the current page and embeds it into a log file.</doc>
<msg timestamp="20201116 08:41:31.560" level="INFO" html="yes">&lt;/td&gt;&lt;/tr&gt;&lt;tr&gt;&lt;td colspan="3"&gt;&lt;a href="selenium-screenshot-53.png"&gt;&lt;img src="selenium-screenshot-53.png" width="800px"&gt;&lt;/a&gt;</msg>
<status status="PASS" starttime="20201116 08:41:31.208" endtime="20201116 08:41:31.560"></status>
</kw>
<kw name="Close Browser" library="SeleniumLibrary">
<doc>Closes the current browser.</doc>
<status status="PASS" starttime="20201116 08:41:31.560" endtime="20201116 08:41:33.689"></status>
</kw>
<status status="PASS" starttime="20201116 08:41:31.208" endtime="20201116 08:41:33.689"></status>
</kw>
<tags>
<tag>login_error</tag>
</tags>
<status status="PASS" starttime="20201116 08:41:24.033" endtime="20201116 08:41:33.690" critical="yes"></status>
</test>
<test id="s1-t3" name="Usuario nao existe">
<kw name="Nova Sessão" library="base" type="setup">
<kw name="Open Browser" library="SeleniumLibrary">
<doc>Opens a new browser instance to the optional ``url``.</doc>
<arguments>
<arg>${url}</arg>
<arg>chrome</arg>
</arguments>
<msg timestamp="20201116 08:41:33.692" level="INFO">Opening browser 'chrome' to base url 'https://training-wheels-protocol.herokuapp.com/'.</msg>
<status status="PASS" starttime="20201116 08:41:33.692" endtime="20201116 08:41:40.874"></status>
</kw>
<status status="PASS" starttime="20201116 08:41:33.691" endtime="20201116 08:41:40.874"></status>
</kw>
<kw name="Go To" library="SeleniumLibrary">
<doc>Navigates the current browser window to the provided ``url``.</doc>
<arguments>
<arg>${url}/login</arg>
</arguments>
<msg timestamp="20201116 08:41:40.874" level="INFO">Opening url 'https://training-wheels-protocol.herokuapp.com//login'</msg>
<status status="PASS" starttime="20201116 08:41:40.874" endtime="20201116 08:41:41.499"></status>
</kw>
<kw name="Login With">
<arguments>
<arg>vitor</arg>
<arg>123456</arg>
</arguments>
<kw name="Input Text" library="SeleniumLibrary">
<doc>Types the given ``text`` into the text field identified by ``locator``.</doc>
<arguments>
<arg>css:input[name=username]</arg>
<arg>${username}</arg>
</arguments>
<msg timestamp="20201116 08:41:41.500" level="INFO">Typing text 'vitor' into text field 'css:input[name=username]'.</msg>
<status status="PASS" starttime="20201116 08:41:41.499" endtime="20201116 08:41:41.576"></status>
</kw>
<kw name="Input Text" library="SeleniumLibrary">
<doc>Types the given ``text`` into the text field identified by ``locator``.</doc>
<arguments>
<arg>css:input[name=password]</arg>
<arg>${pass}</arg>
</arguments>
<msg timestamp="20201116 08:41:41.577" level="INFO">Typing text '123456' into text field 'css:input[name=password]'.</msg>
<status status="PASS" starttime="20201116 08:41:41.576" endtime="20201116 08:41:41.648"></status>
</kw>
<kw name="Click Element" library="SeleniumLibrary">
<doc>Click the element identified by ``locator``.</doc>
<arguments>
<arg>class:btn-login</arg>
</arguments>
<msg timestamp="20201116 08:41:41.648" level="INFO">Clicking element 'class:btn-login'.</msg>
<status status="PASS" starttime="20201116 08:41:41.648" endtime="20201116 08:41:42.097"></status>
</kw>
<status status="PASS" starttime="20201116 08:41:41.499" endtime="20201116 08:41:42.097"></status>
</kw>
<kw name="Should Contain Login Alert">
<arguments>
<arg>O usuário informado não está cadastrado!</arg>
</arguments>
<kw name="Get WebElement" library="SeleniumLibrary">
<doc>Returns the first WebElement matching the given ``locator``.</doc>
<arguments>
<arg>id:flash</arg>
</arguments>
<assign>
<var>${message}</var>
</assign>
<msg timestamp="20201116 08:41:42.111" level="INFO">${message} = &lt;selenium.webdriver.remote.webelement.WebElement (session="67b2670b311ca4266e8acf3e9943e89c", element="3bb27d2c-a8da-4f0c-8d91-c906dec8af26")&gt;</msg>
<status status="PASS" starttime="20201116 08:41:42.098" endtime="20201116 08:41:42.112"></status>
</kw>
<kw name="Should Contain" library="BuiltIn">
<doc>Fails if ``container`` does not contain ``item`` one or more times.</doc>
<arguments>
<arg>${message.text}</arg>
<arg>${expect_message}</arg>
</arguments>
<status status="PASS" starttime="20201116 08:41:42.112" endtime="20201116 08:41:42.123"></status>
</kw>
<status status="PASS" starttime="20201116 08:41:42.098" endtime="20201116 08:41:42.123"></status>
</kw>
<kw name="Encerra Sessão" library="base" type="teardown">
<kw name="Capture Page Screenshot" library="SeleniumLibrary">
<doc>Takes a screenshot of the current page and embeds it into a log file.</doc>
<msg timestamp="20201116 08:41:42.464" level="INFO" html="yes">&lt;/td&gt;&lt;/tr&gt;&lt;tr&gt;&lt;td colspan="3"&gt;&lt;a href="selenium-screenshot-54.png"&gt;&lt;img src="selenium-screenshot-54.png" width="800px"&gt;&lt;/a&gt;</msg>
<status status="PASS" starttime="20201116 08:41:42.124" endtime="20201116 08:41:42.464"></status>
</kw>
<kw name="Close Browser" library="SeleniumLibrary">
<doc>Closes the current browser.</doc>
<status status="PASS" starttime="20201116 08:41:42.464" endtime="20201116 08:41:44.577"></status>
</kw>
<status status="PASS" starttime="20201116 08:41:42.124" endtime="20201116 08:41:44.577"></status>
</kw>
<tags>
<tag>login_user404</tag>
</tags>
<status status="PASS" starttime="20201116 08:41:33.691" endtime="20201116 08:41:44.578" critical="yes"></status>
</test>
<status status="PASS" starttime="20201116 08:41:14.246" endtime="20201116 08:41:44.579"></status>
</suite>
<statistics>
<total>
<stat pass="3" fail="0">Critical Tests</stat>
<stat pass="3" fail="0">All Tests</stat>
</total>
<tag>
<stat pass="1" fail="0">login_error</stat>
<stat pass="1" fail="0">login_user404</stat>
</tag>
<suite>
<stat pass="3" fail="0" id="s1" name="Login Form">Login Form</stat>
</suite>
</statistics>
<errors>
</errors>
</robot>
